<?xml version="1.0" encoding="UTF-8"?>
<!-- Generated by org.testng.reporters.JUnitXMLReporter -->
<testsuite hostname="DESKTOP-N60QB27" ignored="0" name="Test" tests="2" failures="1" timestamp="2022-12-16T23:23:42 IST" time="0.142" errors="0">
  <testcase name="login" time="0.022" classname="test2.Test1"/>
  <testcase name="logOut" time="0.005" classname="test2.Test1">
    <failure type="java.lang.AssertionError" message="Logout Failed">
      <![CDATA[java.lang.AssertionError: Logout Failed
at test2.Test1.logOut(Test1.java:20)
at java.util.ArrayList.forEach(ArrayList.java:1257)
... Removed 28 stack frames]]>
    </failure>
  </testcase> <!-- logOut -->
</testsuite> <!-- Test -->
